<?xml version="1.0" encoding="UTF-8"?>
<testng-results ignored="0" total="1" passed="1" failed="0" skipped="0">
  <reporter-output>
  </reporter-output>
  <suite started-at="2024-07-08T11:42:56 EEST" name="Suite1" finished-at="2024-07-08T11:43:40 EEST" duration-ms="44176">
    <groups>
    </groups>
    <test started-at="2024-07-08T11:42:56 EEST" name="test" finished-at="2024-07-08T11:43:40 EEST" duration-ms="44176">
      <class name="tests.Tema30">
        <test-method is-config="true" signature="setup(java.lang.String,java.lang.String)[pri:0, instance:tests.Tema30@26e356f0]" started-at="2024-07-08T11:42:56 EEST" name="setup" finished-at="2024-07-08T11:43:01 EEST" duration-ms="5612" status="PASS">
          <params>
            <param index="0">
              <value>
                <![CDATA[https://keyfood.ro]]>
              </value>
            </param>
            <param index="1">
              <value>
                <![CDATA[Chrome]]>
              </value>
            </param>
          </params>
          <reporter-output>
          </reporter-output>
        </test-method> <!-- setup -->
        <test-method signature="verifyBlog()[pri:0, instance:tests.Tema30@26e356f0]" started-at="2024-07-08T11:43:01 EEST" name="verifyBlog" finished-at="2024-07-08T11:43:40 EEST" duration-ms="38463" status="PASS">
          <reporter-output>
          </reporter-output>
        </test-method> <!-- verifyBlog -->
        <test-method is-config="true" signature="recordFailure(org.testng.ITestResult)[pri:0, instance:tests.Tema30@26e356f0]" started-at="2024-07-08T11:43:40 EEST" name="recordFailure" finished-at="2024-07-08T11:43:40 EEST" duration-ms="6" status="PASS">
          <params>
            <param index="0">
              <value>
                <![CDATA[[TestResult name=verifyBlog status=SUCCESS method=Tema30.verifyBlog()[pri:0, instance:tests.Tema30@26e356f0] output={null}]]]>
              </value>
            </param>
          </params>
          <reporter-output>
          </reporter-output>
        </test-method> <!-- recordFailure -->
      </class> <!-- tests.Tema30 -->
    </test> <!-- test -->
  </suite> <!-- Suite1 -->
</testng-results>
