<?xml version="1.0" encoding="UTF-8"?>
<testng-results ignored="0" total="1" passed="1" failed="0" skipped="0">
  <reporter-output>
  </reporter-output>
  <suite started-at="2024-07-05T05:41:47 EEST" name="Suite1" finished-at="2024-07-05T05:43:43 EEST" duration-ms="115597">
    <groups>
    </groups>
    <test started-at="2024-07-05T05:41:47 EEST" name="test" finished-at="2024-07-05T05:43:43 EEST" duration-ms="115597">
      <class name="tests.HomeWorkSearch">
        <test-method is-config="true" signature="setup(java.lang.String,java.lang.String)[pri:0, instance:tests.HomeWorkSearch@51e69659]" started-at="2024-07-05T05:41:47 EEST" name="setup" finished-at="2024-07-05T05:41:52 EEST" duration-ms="4804" status="PASS">
          <params>
            <param index="0">
              <value>
                <![CDATA[https://keyfood.ro]]>
              </value>
            </param>
            <param index="1">
              <value>
                <![CDATA[Chrome]]>
              </value>
            </param>
          </params>
          <reporter-output>
          </reporter-output>
        </test-method> <!-- setup -->
        <test-method signature="searchWhileLogged()[pri:1, instance:tests.HomeWorkSearch@51e69659]" started-at="2024-07-05T05:41:52 EEST" name="searchWhileLogged" finished-at="2024-07-05T05:43:38 EEST" duration-ms="105660" status="PASS">
          <reporter-output>
          </reporter-output>
        </test-method> <!-- searchWhileLogged -->
        <test-method is-config="true" signature="recordFailure(org.testng.ITestResult)[pri:0, instance:tests.HomeWorkSearch@51e69659]" started-at="2024-07-05T05:43:38 EEST" name="recordFailure" finished-at="2024-07-05T05:43:38 EEST" duration-ms="1" status="PASS">
          <params>
            <param index="0">
              <value>
                <![CDATA[[TestResult name=searchWhileLogged status=SUCCESS method=HomeWorkSearch.searchWhileLogged()[pri:1, instance:tests.HomeWorkSearch@51e69659] output={null}]]]>
              </value>
            </param>
          </params>
          <reporter-output>
          </reporter-output>
        </test-method> <!-- recordFailure -->
        <test-method is-config="true" signature="tearDown()[pri:0, instance:tests.HomeWorkSearch@51e69659]" started-at="2024-07-05T05:43:38 EEST" name="tearDown" finished-at="2024-07-05T05:43:43 EEST" duration-ms="5104" status="PASS">
          <reporter-output>
          </reporter-output>
        </test-method> <!-- tearDown -->
      </class> <!-- tests.HomeWorkSearch -->
    </test> <!-- test -->
  </suite> <!-- Suite1 -->
</testng-results>
